2023-08-06 04:10:26.186373 - Initialized conversion of CBT456
2023-08-06 04:10:27.880064 - Received CBT.V505.FILE456.PDS from FILE456.XMI 
2023-08-06 04:10:27.882522 - Found $$$#DATE.txt (text/plain) in CBT.V505.FILE456.PDS, moved to PDS/$$$#DATE
2023-08-06 04:10:27.883491 - Found $$$DOC.txt (text/plain) in CBT.V505.FILE456.PDS, moved to PDS/$$$DOC
2023-08-06 04:10:27.884478 - Found $$$PROCS.jcl (text/plain) in CBT.V505.FILE456.PDS, moved to PDS/$$$PROCS
2023-08-06 04:10:27.885344 - Found #DOC#.txt (text/plain) in CBT.V505.FILE456.PDS, moved to PDS/#DOC#
2023-08-06 04:10:27.886197 - Found #INFO#.txt (text/plain) in CBT.V505.FILE456.PDS, moved to PDS/#INFO#
2023-08-06 04:10:27.887050 - Found @FILE456.txt (text/plain) in CBT.V505.FILE456.PDS, moved to PDS/@FILE456
2023-08-06 04:10:27.887944 - Found AIDINIT.txt (text/plain) in CBT.V505.FILE456.PDS, moved to PDS/AIDINIT
2023-08-06 04:10:27.888779 - Found AIDINIT$.jcl (text/plain) in CBT.V505.FILE456.PDS, moved to PDS/AIDINIT$
2023-08-06 04:10:27.889795 - Found AIDINIT@.txt (text/plain) in CBT.V505.FILE456.PDS, moved to PDS/AIDINIT@
2023-08-06 04:10:27.890871 - Found AIDLOAD.txt (text/plain) in CBT.V505.FILE456.PDS, moved to PDS/AIDLOAD
2023-08-06 04:10:27.891779 - Found AIDLOAD$.jcl (text/plain) in CBT.V505.FILE456.PDS, moved to PDS/AIDLOAD$
2023-08-06 04:10:27.892636 - Found AIDLOAD@.txt (text/plain) in CBT.V505.FILE456.PDS, moved to PDS/AIDLOAD@
2023-08-06 04:10:27.893685 - Found AIDSYNC.txt (text/plain) in CBT.V505.FILE456.PDS, moved to PDS/AIDSYNC
2023-08-06 04:10:27.894554 - Found AIDSYNC$.jcl (text/plain) in CBT.V505.FILE456.PDS, moved to PDS/AIDSYNC$
2023-08-06 04:10:27.895465 - Found AIDSYNC@.txt (text/plain) in CBT.V505.FILE456.PDS, moved to PDS/AIDSYNC@
2023-08-06 04:10:27.896439 - Found AIDUNLD.txt (text/plain) in CBT.V505.FILE456.PDS, moved to PDS/AIDUNLD
2023-08-06 04:10:27.897419 - Found AIDUNLD$.jcl (text/plain) in CBT.V505.FILE456.PDS, moved to PDS/AIDUNLD$
2023-08-06 04:10:27.898384 - Found AIDUNLD@.txt (text/plain) in CBT.V505.FILE456.PDS, moved to PDS/AIDUNLD@
2023-08-06 04:10:27.899317 - Found AIDUPDT.txt (text/plain) in CBT.V505.FILE456.PDS, moved to PDS/AIDUPDT
2023-08-06 04:10:27.900238 - Found AIDUPDT$.jcl (text/plain) in CBT.V505.FILE456.PDS, moved to PDS/AIDUPDT$
2023-08-06 04:10:27.901167 - Found AIDUPDT@.txt (text/plain) in CBT.V505.FILE456.PDS, moved to PDS/AIDUPDT@
2023-08-06 04:10:27.902158 - Found AMRUTIL.txt (text/plain) in CBT.V505.FILE456.PDS, moved to PDS/AMRUTIL
2023-08-06 04:10:27.903003 - Found AMRUTIL$.jcl (text/plain) in CBT.V505.FILE456.PDS, moved to PDS/AMRUTIL$
2023-08-06 04:10:27.903918 - Found AMRUTIL@.txt (text/plain) in CBT.V505.FILE456.PDS, moved to PDS/AMRUTIL@
2023-08-06 04:10:27.904790 - Found AUT$.jcl (text/plain) in CBT.V505.FILE456.PDS, moved to PDS/AUT$
2023-08-06 04:10:27.905832 - Found AUT@.txt (text/plain) in CBT.V505.FILE456.PDS, moved to PDS/AUT@
2023-08-06 04:10:27.906784 - Found AUT10.txt (text/plain) in CBT.V505.FILE456.PDS, moved to PDS/AUT10
2023-08-06 04:10:27.907680 - Found AUT11.txt (text/plain) in CBT.V505.FILE456.PDS, moved to PDS/AUT11
2023-08-06 04:10:27.908601 - Found AUT20.txt (text/plain) in CBT.V505.FILE456.PDS, moved to PDS/AUT20
2023-08-06 04:10:27.909623 - Found AUT30.txt (text/plain) in CBT.V505.FILE456.PDS, moved to PDS/AUT30
2023-08-06 04:10:27.910532 - Found AUT31.txt (text/plain) in CBT.V505.FILE456.PDS, moved to PDS/AUT31
2023-08-06 04:10:27.911457 - Found AUT32.txt (text/plain) in CBT.V505.FILE456.PDS, moved to PDS/AUT32
2023-08-06 04:10:27.912341 - Found AUT33.txt (text/plain) in CBT.V505.FILE456.PDS, moved to PDS/AUT33
2023-08-06 04:10:27.913239 - Found AUT40.txt (text/plain) in CBT.V505.FILE456.PDS, moved to PDS/AUT40
2023-08-06 04:10:27.914292 - Found AUT90.txt (text/plain) in CBT.V505.FILE456.PDS, moved to PDS/AUT90
2023-08-06 04:10:27.915193 - Found AUT95.txt (text/plain) in CBT.V505.FILE456.PDS, moved to PDS/AUT95
2023-08-06 04:10:27.916127 - Found AUT96.txt (text/plain) in CBT.V505.FILE456.PDS, moved to PDS/AUT96
2023-08-06 04:10:27.917058 - Found AUT97.txt (text/plain) in CBT.V505.FILE456.PDS, moved to PDS/AUT97
2023-08-06 04:10:27.918115 - Found AUT98.txt (text/plain) in CBT.V505.FILE456.PDS, moved to PDS/AUT98
2023-08-06 04:10:27.919022 - Found AUT99.txt (text/plain) in CBT.V505.FILE456.PDS, moved to PDS/AUT99
2023-08-06 04:10:27.919967 - Found CATLIST.txt (text/plain) in CBT.V505.FILE456.PDS, moved to PDS/CATLIST
2023-08-06 04:10:27.920850 - Found CATLIST$.jcl (text/plain) in CBT.V505.FILE456.PDS, moved to PDS/CATLIST$
2023-08-06 04:10:27.921777 - Found CATLIST@.txt (text/plain) in CBT.V505.FILE456.PDS, moved to PDS/CATLIST@
2023-08-06 04:10:27.922756 - Found CLA001.txt (text/plain) in CBT.V505.FILE456.PDS, moved to PDS/CLA001
2023-08-06 04:10:27.923695 - Found CLA002.txt (text/plain) in CBT.V505.FILE456.PDS, moved to PDS/CLA002
2023-08-06 04:10:27.924584 - Found CLA003.txt (text/plain) in CBT.V505.FILE456.PDS, moved to PDS/CLA003
2023-08-06 04:10:27.925461 - Found CLA004.txt (text/plain) in CBT.V505.FILE456.PDS, moved to PDS/CLA004
2023-08-06 04:10:27.926353 - Found CLA005.txt (text/plain) in CBT.V505.FILE456.PDS, moved to PDS/CLA005
2023-08-06 04:10:27.927184 - Found CLA006.txt (text/plain) in CBT.V505.FILE456.PDS, moved to PDS/CLA006
2023-08-06 04:10:27.928005 - Found CLA007.txt (text/plain) in CBT.V505.FILE456.PDS, moved to PDS/CLA007
2023-08-06 04:10:27.928864 - Found CLA008.txt (text/plain) in CBT.V505.FILE456.PDS, moved to PDS/CLA008
2023-08-06 04:10:27.929751 - Found CLA009.txt (text/plain) in CBT.V505.FILE456.PDS, moved to PDS/CLA009
2023-08-06 04:10:27.930753 - Found CLA010.txt (text/plain) in CBT.V505.FILE456.PDS, moved to PDS/CLA010
2023-08-06 04:10:27.931648 - Found CLA011.txt (text/plain) in CBT.V505.FILE456.PDS, moved to PDS/CLA011
2023-08-06 04:10:27.932531 - Found CLA012.txt (text/plain) in CBT.V505.FILE456.PDS, moved to PDS/CLA012
2023-08-06 04:10:27.933424 - Found CLA013.txt (text/plain) in CBT.V505.FILE456.PDS, moved to PDS/CLA013
2023-08-06 04:10:27.934284 - Found CLA014.txt (text/plain) in CBT.V505.FILE456.PDS, moved to PDS/CLA014
2023-08-06 04:10:27.935142 - Found CLA015.txt (text/plain) in CBT.V505.FILE456.PDS, moved to PDS/CLA015
2023-08-06 04:10:27.936014 - Found CLA099.txt (text/plain) in CBT.V505.FILE456.PDS, moved to PDS/CLA099
2023-08-06 04:10:27.936897 - Found CLB001.txt (text/plain) in CBT.V505.FILE456.PDS, moved to PDS/CLB001
2023-08-06 04:10:27.937877 - Found CLB002.txt (text/plain) in CBT.V505.FILE456.PDS, moved to PDS/CLB002
2023-08-06 04:10:27.938850 - Found CLB003.txt (text/plain) in CBT.V505.FILE456.PDS, moved to PDS/CLB003
2023-08-06 04:10:27.939822 - Found CLB004.txt (text/plain) in CBT.V505.FILE456.PDS, moved to PDS/CLB004
2023-08-06 04:10:27.940714 - Found CLB005.txt (text/plain) in CBT.V505.FILE456.PDS, moved to PDS/CLB005
2023-08-06 04:10:27.941589 - Found CLB006.txt (text/plain) in CBT.V505.FILE456.PDS, moved to PDS/CLB006
2023-08-06 04:10:27.942514 - Found CLB007.txt (text/plain) in CBT.V505.FILE456.PDS, moved to PDS/CLB007
2023-08-06 04:10:27.943362 - Found CLB008.txt (text/plain) in CBT.V505.FILE456.PDS, moved to PDS/CLB008
2023-08-06 04:10:27.944168 - Found CLB009.txt (text/plain) in CBT.V505.FILE456.PDS, moved to PDS/CLB009
2023-08-06 04:10:27.945070 - Found CLB010.txt (text/plain) in CBT.V505.FILE456.PDS, moved to PDS/CLB010
2023-08-06 04:10:27.945981 - Found CLB011.txt (text/plain) in CBT.V505.FILE456.PDS, moved to PDS/CLB011
2023-08-06 04:10:27.946794 - Found CLB012.txt (text/plain) in CBT.V505.FILE456.PDS, moved to PDS/CLB012
2023-08-06 04:10:27.947580 - Found CLB013.txt (text/plain) in CBT.V505.FILE456.PDS, moved to PDS/CLB013
2023-08-06 04:10:27.948394 - Found CLC001.txt (text/plain) in CBT.V505.FILE456.PDS, moved to PDS/CLC001
2023-08-06 04:10:27.949318 - Found CLC002.txt (text/plain) in CBT.V505.FILE456.PDS, moved to PDS/CLC002
2023-08-06 04:10:27.950232 - Found CLEAN$.jcl (text/plain) in CBT.V505.FILE456.PDS, moved to PDS/CLEAN$
2023-08-06 04:10:27.951185 - Found CLEAN@.txt (text/plain) in CBT.V505.FILE456.PDS, moved to PDS/CLEAN@
2023-08-06 04:10:27.952181 - Found CLMAC.txt (text/plain) in CBT.V505.FILE456.PDS, moved to PDS/CLMAC
2023-08-06 04:10:27.953122 - Found CLMAIN.txt (text/plain) in CBT.V505.FILE456.PDS, moved to PDS/CLMAIN
2023-08-06 04:10:27.954166 - Found CLSERV.txt (text/plain) in CBT.V505.FILE456.PDS, moved to PDS/CLSERV
2023-08-06 04:10:27.955114 - Found COMPAK.txt (text/plain) in CBT.V505.FILE456.PDS, moved to PDS/COMPAK
2023-08-06 04:10:27.955976 - Found COMPAK$.jcl (text/plain) in CBT.V505.FILE456.PDS, moved to PDS/COMPAK$
2023-08-06 04:10:27.956840 - Found COMPAK@.txt (text/plain) in CBT.V505.FILE456.PDS, moved to PDS/COMPAK@
2023-08-06 04:10:27.957815 - Found DEVTGEN.txt (text/plain) in CBT.V505.FILE456.PDS, moved to PDS/DEVTGEN
2023-08-06 04:10:27.958746 - Found DEVTGEN$.jcl (text/plain) in CBT.V505.FILE456.PDS, moved to PDS/DEVTGEN$
2023-08-06 04:10:27.959662 - Found DEVTGEN@.txt (text/plain) in CBT.V505.FILE456.PDS, moved to PDS/DEVTGEN@
2023-08-06 04:10:27.960616 - Found DEVTGENP.txt (text/plain) in CBT.V505.FILE456.PDS, moved to PDS/DEVTGENP
2023-08-06 04:10:27.961551 - Found ENQANAL.txt (text/plain) in CBT.V505.FILE456.PDS, moved to PDS/ENQANAL
2023-08-06 04:10:27.962506 - Found ENQANAL$.jcl (text/plain) in CBT.V505.FILE456.PDS, moved to PDS/ENQANAL$
2023-08-06 04:10:27.963379 - Found ENQANAL@.txt (text/plain) in CBT.V505.FILE456.PDS, moved to PDS/ENQANAL@
2023-08-06 04:10:27.964250 - Found EUFAJCTB.txt (text/plain) in CBT.V505.FILE456.PDS, moved to PDS/EUFAJCTB
2023-08-06 04:10:27.965148 - Found EXIT001.txt (text/plain) in CBT.V505.FILE456.PDS, moved to PDS/EXIT001
2023-08-06 04:10:27.966118 - Found EXIT004.txt (text/plain) in CBT.V505.FILE456.PDS, moved to PDS/EXIT004
2023-08-06 04:10:27.967129 - Found EXIT005.txt (text/plain) in CBT.V505.FILE456.PDS, moved to PDS/EXIT005
2023-08-06 04:10:27.968063 - Found EXIT006.txt (text/plain) in CBT.V505.FILE456.PDS, moved to PDS/EXIT006
2023-08-06 04:10:27.969011 - Found EXIT008.txt (text/plain) in CBT.V505.FILE456.PDS, moved to PDS/EXIT008
2023-08-06 04:10:27.969921 - Found EXIT016.txt (text/plain) in CBT.V505.FILE456.PDS, moved to PDS/EXIT016
2023-08-06 04:10:27.970781 - Found GDTUTIL.txt (text/plain) in CBT.V505.FILE456.PDS, moved to PDS/GDTUTIL
2023-08-06 04:10:27.971569 - Found GDTUTIL$.jcl (text/plain) in CBT.V505.FILE456.PDS, moved to PDS/GDTUTIL$
2023-08-06 04:10:27.972472 - Found GDTUTIL@.txt (text/plain) in CBT.V505.FILE456.PDS, moved to PDS/GDTUTIL@
2023-08-06 04:10:27.973407 - Found GDTUTIN.txt (text/plain) in CBT.V505.FILE456.PDS, moved to PDS/GDTUTIN
2023-08-06 04:10:27.974247 - Found HELPLIS$.jcl (text/plain) in CBT.V505.FILE456.PDS, moved to PDS/HELPLIS$
2023-08-06 04:10:27.975097 - Found HELPLIS@.txt (text/plain) in CBT.V505.FILE456.PDS, moved to PDS/HELPLIS@
2023-08-06 04:10:27.975975 - Found HELPLIST.txt (text/plain) in CBT.V505.FILE456.PDS, moved to PDS/HELPLIST
2023-08-06 04:10:27.976901 - Found ICFLIST.txt (text/plain) in CBT.V505.FILE456.PDS, moved to PDS/ICFLIST
2023-08-06 04:10:27.977887 - Found ICFLIST$.jcl (text/plain) in CBT.V505.FILE456.PDS, moved to PDS/ICFLIST$
2023-08-06 04:10:27.978834 - Found ICFLIST@.txt (text/plain) in CBT.V505.FILE456.PDS, moved to PDS/ICFLIST@
2023-08-06 04:10:27.979769 - Found ICHCNX0$.jcl (text/plain) in CBT.V505.FILE456.PDS, moved to PDS/ICHCNX0$
2023-08-06 04:10:27.980708 - Found ICHCNX00.txt (text/plain) in CBT.V505.FILE456.PDS, moved to PDS/ICHCNX00
2023-08-06 04:10:27.981602 - Found ICHRCX01.txt (text/plain) in CBT.V505.FILE456.PDS, moved to PDS/ICHRCX01
2023-08-06 04:10:27.982507 - Found ICHRCX1$.jcl (text/plain) in CBT.V505.FILE456.PDS, moved to PDS/ICHRCX1$
2023-08-06 04:10:27.983398 - Found ICHRDSN$.jcl (text/plain) in CBT.V505.FILE456.PDS, moved to PDS/ICHRDSN$
2023-08-06 04:10:27.984218 - Found ICHRDSNT.txt (text/plain) in CBT.V505.FILE456.PDS, moved to PDS/ICHRDSNT
2023-08-06 04:10:27.985151 - Found ICHRIN03.txt (text/plain) in CBT.V505.FILE456.PDS, moved to PDS/ICHRIN03
2023-08-06 04:10:27.986057 - Found ICHRIN3$.jcl (text/plain) in CBT.V505.FILE456.PDS, moved to PDS/ICHRIN3$
2023-08-06 04:10:27.987026 - Found IEAVMXI$.jcl (text/plain) in CBT.V505.FILE456.PDS, moved to PDS/IEAVMXI$
2023-08-06 04:10:27.988055 - Found IEAVMXIT.txt (text/plain) in CBT.V505.FILE456.PDS, moved to PDS/IEAVMXIT
2023-08-06 04:10:27.989052 - Found IEFACTR$.jcl (text/plain) in CBT.V505.FILE456.PDS, moved to PDS/IEFACTR$
2023-08-06 04:10:27.990055 - Found IEFACTR@.txt (text/plain) in CBT.V505.FILE456.PDS, moved to PDS/IEFACTR@
2023-08-06 04:10:27.991063 - Found IEFACTRT.txt (text/plain) in CBT.V505.FILE456.PDS, moved to PDS/IEFACTRT
2023-08-06 04:10:27.992021 - Found IEFUJI.txt (text/plain) in CBT.V505.FILE456.PDS, moved to PDS/IEFUJI
2023-08-06 04:10:27.993001 - Found IEFUJI$.jcl (text/plain) in CBT.V505.FILE456.PDS, moved to PDS/IEFUJI$
2023-08-06 04:10:27.993886 - Found IEFUJI@.txt (text/plain) in CBT.V505.FILE456.PDS, moved to PDS/IEFUJI@
2023-08-06 04:10:27.994835 - Found IEFUJV.txt (text/plain) in CBT.V505.FILE456.PDS, moved to PDS/IEFUJV
2023-08-06 04:10:27.995660 - Found IEFUJV$.jcl (text/plain) in CBT.V505.FILE456.PDS, moved to PDS/IEFUJV$
2023-08-06 04:10:27.996608 - Found IEFUJV@.txt (text/plain) in CBT.V505.FILE456.PDS, moved to PDS/IEFUJV@
2023-08-06 04:10:27.997607 - Found IEFUSI.txt (text/plain) in CBT.V505.FILE456.PDS, moved to PDS/IEFUSI
2023-08-06 04:10:27.998558 - Found IEFUSI$.jcl (text/plain) in CBT.V505.FILE456.PDS, moved to PDS/IEFUSI$
2023-08-06 04:10:27.999510 - Found IEFUSI@.txt (text/plain) in CBT.V505.FILE456.PDS, moved to PDS/IEFUSI@
2023-08-06 04:10:28.000531 - Found IEFUTL.txt (text/plain) in CBT.V505.FILE456.PDS, moved to PDS/IEFUTL
2023-08-06 04:10:28.001496 - Found IEFUTL$.jcl (text/plain) in CBT.V505.FILE456.PDS, moved to PDS/IEFUTL$
2023-08-06 04:10:28.002365 - Found IEFUTL@.txt (text/plain) in CBT.V505.FILE456.PDS, moved to PDS/IEFUTL@
2023-08-06 04:10:28.003331 - Found IKJEFF10.txt (text/plain) in CBT.V505.FILE456.PDS, moved to PDS/IKJEFF10
2023-08-06 04:10:28.004306 - Found IKJEF10$.jcl (text/plain) in CBT.V505.FILE456.PDS, moved to PDS/IKJEF10$
2023-08-06 04:10:28.005249 - Found IKJEF10@.txt (text/plain) in CBT.V505.FILE456.PDS, moved to PDS/IKJEF10@
2023-08-06 04:10:28.006114 - Found JES2XIT$.jcl (text/plain) in CBT.V505.FILE456.PDS, moved to PDS/JES2XIT$
2023-08-06 04:10:28.007116 - Found JES2XIT@.txt (text/plain) in CBT.V505.FILE456.PDS, moved to PDS/JES2XIT@
2023-08-06 04:10:28.008132 - Found LMRUTIL.txt (text/plain) in CBT.V505.FILE456.PDS, moved to PDS/LMRUTIL
2023-08-06 04:10:28.009174 - Found LMRUTIL$.jcl (text/plain) in CBT.V505.FILE456.PDS, moved to PDS/LMRUTIL$
2023-08-06 04:10:28.010093 - Found LMRUTIL@.txt (text/plain) in CBT.V505.FILE456.PDS, moved to PDS/LMRUTIL@
2023-08-06 04:10:28.011015 - Found LTACC.txt (text/plain) in CBT.V505.FILE456.PDS, moved to PDS/LTACC
2023-08-06 04:10:28.011942 - Found LTACC$.jcl (text/plain) in CBT.V505.FILE456.PDS, moved to PDS/LTACC$
2023-08-06 04:10:28.012885 - Found LTACC@.txt (text/plain) in CBT.V505.FILE456.PDS, moved to PDS/LTACC@
2023-08-06 04:10:28.013855 - Found PDSPURG$.jcl (text/plain) in CBT.V505.FILE456.PDS, moved to PDS/PDSPURG$
2023-08-06 04:10:28.014775 - Found PDSPURG@.txt (text/plain) in CBT.V505.FILE456.PDS, moved to PDS/PDSPURG@
2023-08-06 04:10:28.015725 - Found PDSPURGE.txt (text/plain) in CBT.V505.FILE456.PDS, moved to PDS/PDSPURGE
2023-08-06 04:10:28.016651 - Found PVSD.txt (text/plain) in CBT.V505.FILE456.PDS, moved to PDS/PVSD
2023-08-06 04:10:28.017519 - Found PVSD$.jcl (text/plain) in CBT.V505.FILE456.PDS, moved to PDS/PVSD$
2023-08-06 04:10:28.018479 - Found PVSD@.txt (text/plain) in CBT.V505.FILE456.PDS, moved to PDS/PVSD@
2023-08-06 04:10:28.019435 - Found RACFXIT$.jcl (text/plain) in CBT.V505.FILE456.PDS, moved to PDS/RACFXIT$
2023-08-06 04:10:28.020375 - Found RACFXIT@.txt (text/plain) in CBT.V505.FILE456.PDS, moved to PDS/RACFXIT@
2023-08-06 04:10:28.021341 - Found RENAMP.txt (text/plain) in CBT.V505.FILE456.PDS, moved to PDS/RENAMP
2023-08-06 04:10:28.022307 - Found RENAMP$.jcl (text/plain) in CBT.V505.FILE456.PDS, moved to PDS/RENAMP$
2023-08-06 04:10:28.023227 - Found RENAMP@.txt (text/plain) in CBT.V505.FILE456.PDS, moved to PDS/RENAMP@
2023-08-06 04:10:28.024244 - Found RSMANAL.txt (text/plain) in CBT.V505.FILE456.PDS, moved to PDS/RSMANAL
2023-08-06 04:10:28.025312 - Found RSMANAL$.jcl (text/plain) in CBT.V505.FILE456.PDS, moved to PDS/RSMANAL$
2023-08-06 04:10:28.026237 - Found RSMANAL@.txt (text/plain) in CBT.V505.FILE456.PDS, moved to PDS/RSMANAL@
2023-08-06 04:10:28.027174 - Found SCHEDLO$.jcl (text/plain) in CBT.V505.FILE456.PDS, moved to PDS/SCHEDLO$
2023-08-06 04:10:28.028145 - Found SCHEDLOG.txt (text/plain) in CBT.V505.FILE456.PDS, moved to PDS/SCHEDLOG
2023-08-06 04:10:28.029127 - Found SEEKANA$.jcl (text/plain) in CBT.V505.FILE456.PDS, moved to PDS/SEEKANA$
2023-08-06 04:10:28.030048 - Found SEEKANA@.txt (text/plain) in CBT.V505.FILE456.PDS, moved to PDS/SEEKANA@
2023-08-06 04:10:28.031019 - Found SEEKANAL.txt (text/plain) in CBT.V505.FILE456.PDS, moved to PDS/SEEKANAL
2023-08-06 04:10:28.031954 - Found SHUTDOW$.jcl (text/plain) in CBT.V505.FILE456.PDS, moved to PDS/SHUTDOW$
2023-08-06 04:10:28.032894 - Found SHUTDOW@.txt (text/plain) in CBT.V505.FILE456.PDS, moved to PDS/SHUTDOW@
2023-08-06 04:10:28.033905 - Found SHUTDOWN.txt (text/plain) in CBT.V505.FILE456.PDS, moved to PDS/SHUTDOWN
2023-08-06 04:10:28.034862 - Found SLABEL.txt (text/plain) in CBT.V505.FILE456.PDS, moved to PDS/SLABEL
2023-08-06 04:10:28.035812 - Found SLABEL$.jcl (text/plain) in CBT.V505.FILE456.PDS, moved to PDS/SLABEL$
2023-08-06 04:10:28.036776 - Found SLABEL@.txt (text/plain) in CBT.V505.FILE456.PDS, moved to PDS/SLABEL@
2023-08-06 04:10:28.037685 - Found SMFEXIT$.jcl (text/plain) in CBT.V505.FILE456.PDS, moved to PDS/SMFEXIT$
2023-08-06 04:10:28.038632 - Found SMFEXIT@.txt (text/plain) in CBT.V505.FILE456.PDS, moved to PDS/SMFEXIT@
2023-08-06 04:10:28.039579 - Found STRTEST.txt (text/plain) in CBT.V505.FILE456.PDS, moved to PDS/STRTEST
2023-08-06 04:10:28.040528 - Found STRTEST$.jcl (text/plain) in CBT.V505.FILE456.PDS, moved to PDS/STRTEST$
2023-08-06 04:10:28.041487 - Found TIEFUJV.txt (text/plain) in CBT.V505.FILE456.PDS, moved to PDS/TIEFUJV
2023-08-06 04:10:28.042405 - Found TIEFUJV$.jcl (text/plain) in CBT.V505.FILE456.PDS, moved to PDS/TIEFUJV$
2023-08-06 04:10:28.043314 - Found TIEFUJV@.txt (text/plain) in CBT.V505.FILE456.PDS, moved to PDS/TIEFUJV@
2023-08-06 04:10:28.044299 - Found TTCBRB.txt (text/plain) in CBT.V505.FILE456.PDS, moved to PDS/TTCBRB
2023-08-06 04:10:28.045262 - Found TTCBRB$.jcl (text/plain) in CBT.V505.FILE456.PDS, moved to PDS/TTCBRB$
2023-08-06 04:10:28.046149 - Found TTCBRB@.txt (text/plain) in CBT.V505.FILE456.PDS, moved to PDS/TTCBRB@
2023-08-06 04:10:28.047070 - Found TUTGEN.txt (text/plain) in CBT.V505.FILE456.PDS, moved to PDS/TUTGEN
2023-08-06 04:10:28.047985 - Found TUTOLIS$.jcl (text/plain) in CBT.V505.FILE456.PDS, moved to PDS/TUTOLIS$
2023-08-06 04:10:28.048972 - Found TUTOLIS@.txt (text/plain) in CBT.V505.FILE456.PDS, moved to PDS/TUTOLIS@
2023-08-06 04:10:28.049950 - Found TUTOLIST.txt (text/plain) in CBT.V505.FILE456.PDS, moved to PDS/TUTOLIST
2023-08-06 04:10:28.050869 - Found UJVD.txt (text/plain) in CBT.V505.FILE456.PDS, moved to PDS/UJVD
2023-08-06 04:10:28.051784 - Found UJVD$.jcl (text/plain) in CBT.V505.FILE456.PDS, moved to PDS/UJVD$
2023-08-06 04:10:28.052718 - Found UJVD@.txt (text/plain) in CBT.V505.FILE456.PDS, moved to PDS/UJVD@
2023-08-06 04:10:28.053641 - Found UJVT.txt (text/plain) in CBT.V505.FILE456.PDS, moved to PDS/UJVT
2023-08-06 04:10:28.054616 - Found UJVT$.jcl (text/plain) in CBT.V505.FILE456.PDS, moved to PDS/UJVT$
2023-08-06 04:10:28.055523 - Found UJVT@.txt (text/plain) in CBT.V505.FILE456.PDS, moved to PDS/UJVT@
2023-08-06 04:10:28.056483 - Found UJVTABL$.jcl (text/plain) in CBT.V505.FILE456.PDS, moved to PDS/UJVTABL$
2023-08-06 04:10:28.057469 - Found UJVTABLE.txt (text/plain) in CBT.V505.FILE456.PDS, moved to PDS/UJVTABLE
2023-08-06 04:10:28.058439 - Found VSMANAL.txt (text/plain) in CBT.V505.FILE456.PDS, moved to PDS/VSMANAL
2023-08-06 04:10:28.059372 - Found VSMANAL$.jcl (text/plain) in CBT.V505.FILE456.PDS, moved to PDS/VSMANAL$
2023-08-06 04:10:28.060318 - Found VSMANAL@.txt (text/plain) in CBT.V505.FILE456.PDS, moved to PDS/VSMANAL@
2023-08-06 04:10:28.061302 - Found VTOCANA$.jcl (text/plain) in CBT.V505.FILE456.PDS, moved to PDS/VTOCANA$
2023-08-06 04:10:28.062245 - Found VTOCANA@.txt (text/plain) in CBT.V505.FILE456.PDS, moved to PDS/VTOCANA@
2023-08-06 04:10:28.063227 - Found VTOCANAL.txt (text/plain) in CBT.V505.FILE456.PDS, moved to PDS/VTOCANAL
2023-08-06 04:10:28.064190 - Found YATIL.txt (text/plain) in CBT.V505.FILE456.PDS, moved to PDS/YATIL
2023-08-06 04:10:28.065155 - Found YATIL$.jcl (text/plain) in CBT.V505.FILE456.PDS, moved to PDS/YATIL$
2023-08-06 04:10:28.066078 - Found YATIL@.txt (text/plain) in CBT.V505.FILE456.PDS, moved to PDS/YATIL@
2023-08-06 04:10:28.067038 - Found YPACK.txt (text/plain) in CBT.V505.FILE456.PDS, moved to PDS/YPACK
2023-08-06 04:10:28.068005 - Found YPACK$.jcl (text/plain) in CBT.V505.FILE456.PDS, moved to PDS/YPACK$
2023-08-06 04:10:28.069063 - Found YPACK@.txt (text/plain) in CBT.V505.FILE456.PDS, moved to PDS/YPACK@
2023-08-06 04:10:28.069962 - Found ZPACK.txt (text/plain) in CBT.V505.FILE456.PDS, moved to PDS/ZPACK
2023-08-06 04:10:28.070903 - Found ZPACK$.jcl (text/plain) in CBT.V505.FILE456.PDS, moved to PDS/ZPACK$
2023-08-06 04:10:28.071915 - Found ZPACK@.txt (text/plain) in CBT.V505.FILE456.PDS, moved to PDS/ZPACK@
2023-08-06 04:10:28.072863 - Found ZYDIAG.txt (text/plain) in CBT.V505.FILE456.PDS, moved to PDS/ZYDIAG
2023-08-06 04:10:28.073831 - Found ZYDIAG$.jcl (text/plain) in CBT.V505.FILE456.PDS, moved to PDS/ZYDIAG$
2023-08-06 04:10:28.074741 - Found ZYDIAG@.txt (text/plain) in CBT.V505.FILE456.PDS, moved to PDS/ZYDIAG@
